<?xml version="1.0" encoding="UTF-8"?>
<logger class="org.jpos.util.DailyLogListener">
<log realm="Q2.system" at="2023-03-09T02:29:12.204247">
  <info>
    Q2 started, deployDir=/home/ali/MyFolder/Source/jPOS-template/deploy, environment=default
  </info>
</log>
<log realm="Q2.system" at="2023-03-09T02:29:12.509973" lifespan="299ms">
  <version>
    jPOS 2.1.8-SNAPSHOT master/47232f0 (2023-02-21 16:12:24 UTC)
jPOS-template 2.1.8-SNAPSHOT master/6f2fa50 (2023-03-07 19:02:18 GST)

-----BEGIN PGP SIGNED MESSAGE-----
Hash: SHA1

jPOS Community Edition, licensed under GNU AGPL v3.0.
This software is probably not suitable for commercial use.
Please see http://jpos.org/license for details.

-----BEGIN PGP SIGNATURE-----
Version: GnuPG v1.4.9 (Darwin)

iQEcBAEBAgAGBQJMolHDAAoJEOQyeO71nYtFv74H/3OgehDGEy1VXp2U3/GcAobg
HH2eZjPUz53r38ARPiU3pzm9LwDa3WZgJJaa/b9VrJwKvbPwe9+0kY3gScDE1skT
ladHt+KHHmGQArEutkzHlpZa73RbroFEIa1qmN6MaDEHGoxZqDh0Sv2cpvOaVYGO
St8ZaddLBPC17bSjAPWo9sWbvL7FgPFOHhnPmbeux8SLtnfWxXWsgo5hLBanKmO1
1z+I/w/6DL6ZYZU6bAJUk+eyVVImJqw0x3IEElI07Nh9MC6BA4iJ77ejobj8HI2r
q9ulRPEqH9NR79619lNKVUkE206dVlXo7xHmJS1QZy5v/GT66xBxyDVfTduPFXk=
=oP+v
-----END PGP SIGNATURE-----

  </version>
</log>
<log realm="Q2.system" at="2023-03-09T02:29:12.518530" lifespan="4ms">
  <info>
    deploy: /home/ali/MyFolder/Source/jPOS-template/src/dist/deploy/10_channel_jpos.xml
  </info>
</log>
<log realm="Q2.system" at="2023-03-09T02:29:12.526462" lifespan="7ms">
  <info>
    deploy: /home/ali/MyFolder/Source/jPOS-template/src/dist/deploy/20_mux_jpos.xml
  </info>
</log>
<log realm="Q2.system" at="2023-03-09T02:29:12.531337" lifespan="4ms">
  <info>
    deploy: /home/ali/MyFolder/Source/jPOS-template/src/dist/deploy/50_xml_server.xml
  </info>
</log>
<log realm="Q2.system" at="2023-03-09T02:29:12.542124" lifespan="10ms">
  <info>
    deploy: /home/ali/MyFolder/Source/jPOS-template/src/dist/deploy/99_sysmon.xml
  </info>
</log>
<log realm="org.jpos.q2.qbean.SystemMonitor" at="2023-03-09T02:29:12.585886">
  <info>
    Starting SystemMonitor
  </info>
</log>
<log realm="xml-server-8000.server" at="2023-03-09T02:29:12.586454">
  <iso-server>
    listening on port 8000
  </iso-server>
</log>
<log realm="org.jpos.q2.qbean.SystemMonitor" at="2023-03-09T02:29:12.660506">
  <info>
           OS: Linux (5.19.0-35-generic)
         Java: 11.0.13 (Oracle Corporation) AES-secure
  environment: default
 process name: 47465@ali-linux2
    user name: ali
         host: ali-linux2/127.0.1.1
          cwd: /home/ali/MyFolder/Source/jPOS-template
   free space: 169 GiB
 usable space: 157.3 GiB
      version: 2.1.8-SNAPSHOT (47232f0)
     instance: 4022b2f2-5026-4a51-80ac-49f1639e8ee7
       uptime: 00:00:00.558 (0.348633)
   processors: 16
       drift : 0
memory(t/u/f): 500/47/452
     encoding: UTF-8
     timezone: Asia/Dubai (Gulf Time) +04:00
watch service: sun.nio.fs.LinuxWatchService
  metrics dir: log
        clock: 1678314552 2023-03-08T22:29:12.597847Z
 thread count: 15
 peak threads: 15
 user threads: 11
        Thread[Reference Handler,10,system]
        Thread[Finalizer,8,system]
        Thread[Signal Dispatcher,9,system]
        Thread[main,5,main]
        Thread[pool-1-thread-1,5,main]
        Thread[Q2-4022b2f2-5026-4a51-80ac-49f1639e8ee7,5,main]
        Thread[FileSystemWatchService,5,main]
        Thread[Timer-0,5,main]
        Thread[channel-sender-jpos-send,5,main]
        Thread[channel-receiver-jpos-receive,5,main]
        Thread[pool-3-thread-1,5,main]
        Thread[Thread-4,5,main]
        Thread[SystemMonitor,5,main]
        Thread[xml-server-8000-ThreadPool.PooledThread-0,5,xml-server-8000-ThreadPool-0]
        Thread[Common-Cleaner,8,InnocuousThreadGroup]
name-registrar:
  tspace:default: org.jpos.space.TSpace
     key-count: 0
        gcinfo: 0,0
  Q2: org.jpos.q2.Q2
  jpos-channel: org.jpos.q2.iso.ChannelAdaptor
    tx=0, rx=0, connects=0, last=0
  channel.jpos-channel: com.field39.CustomChannel
  logger.Q2: org.jpos.util.Logger
  server.xml-server-8000: org.jpos.iso.ISOServer
    connected=0, rx=0, tx=0, last=0
  mux.mymux: org.jpos.q2.iso.QMUX
    tx=0, rx=0, tx_expired=0, tx_pending=0, rx_expired=0, rx_pending=0, rx_unhandled=0, rx_forwarded=0, connected=false, last=0
  logger.: org.jpos.util.Logger
  logger.Q2.buffered: org.jpos.util.BufferedLogListener
  xml-server-8000: org.jpos.q2.iso.QServer
  </info>
</log>
<log realm="stderr" at="2023-03-09T02:29:13.085512" lifespan="500ms">
    SLF4J: Failed to load class "org.slf4j.impl.StaticLoggerBinder".
    SLF4J: Defaulting to no-operation (NOP) logger implementation
    SLF4J: See http://www.slf4j.org/codes.html#StaticLoggerBinder for further details.
</log>
<log realm="xml-server-8000.server.session/127.0.0.1:38748" at="2023-03-09T02:29:22.581591">
  <session-start/>
</log>
<log realm="xml-server-8000/127.0.0.1:38748" at="2023-03-09T02:29:22.583498" lifespan="1ms">
  <receive>
    <isomsg direction="incoming">
      <!-- org.jpos.iso.packager.GenericPackager[cfg/field39packager.xml] -->
      <field id="0" value="0800"/>
      <field id="7" value="0309022915"/>
      <field id="11" value="000001"/>
      <field id="70" value="001"/>
    </isomsg>
  </receive>
</log>
<log realm="xml-server-8000/127.0.0.1:38748" at="2023-03-09T02:29:22.584955">
  <send>
    <isomsg direction="outgoing">
      <!-- org.jpos.iso.packager.GenericPackager[cfg/field39packager.xml] -->
      <field id="0" value="0810"/>
      <field id="7" value="0309022915"/>
      <field id="11" value="000001"/>
      <field id="39" value="00"/>
      <field id="70" value="001"/>
    </isomsg>
  </send>
</log>
<log realm="xml-server-8000/127.0.0.1:38748" at="2023-03-09T02:29:22.587407" lifespan="2ms">
  <receive>
    <isomsg direction="incoming">
      <!-- org.jpos.iso.packager.GenericPackager[cfg/field39packager.xml] -->
      <field id="0" value="0100"/>
      <field id="2" value="1234567890123456"/>
      <field id="3" value="000000"/>
      <field id="4" value="        1.00"/>
      <field id="7" value="0309022922"/>
      <field id="9" value="001.0000"/>
      <field id="11" value="000002"/>
      <field id="12" value="022922"/>
      <field id="13" value="0309"/>
      <field id="14" value="2303"/>
      <field id="15" value="0309"/>
      <field id="18" value="4111"/>
      <field id="19" value="840"/>
      <field id="22" value="012"/>
      <field id="25" value="00"/>
      <field id="26" value="00"/>
      <field id="32" value="12345678901"/>
      <field id="35" value="12345678901"/>
      <field id="37" value="123456789012"/>
      <field id="41" value="12345678"/>
      <field id="42" value="123456789012345"/>
      <field id="43" value="123456789012345"/>
      <field id="49" value="840"/>
      <field id="50" value="840"/>
      <field id="60" value="84"/>
      <field id="61" value="84"/>
      <field id="103" value="84"/>
      <field id="120" value="84"/>
      <field id="121" value="84"/>
      <field id="122" value="84"/>
      <field id="123" value="84"/>
      <field id="125" value="84"/>
      <field id="126" value="84"/>
      <field id="127" value="84"/>
    </isomsg>
  </receive>
</log>
<log realm="xml-server-8000/127.0.0.1:38748" at="2023-03-09T02:29:22.588808">
  <send>
    <isomsg direction="outgoing">
      <!-- org.jpos.iso.packager.GenericPackager[cfg/field39packager.xml] -->
      <field id="0" value="0810"/>
      <field id="2" value="1234567890123456"/>
      <field id="3" value="000000"/>
      <field id="4" value="        1.00"/>
      <field id="7" value="0309022922"/>
      <field id="9" value="001.0000"/>
      <field id="11" value="000002"/>
      <field id="12" value="022922"/>
      <field id="13" value="0309"/>
      <field id="14" value="2303"/>
      <field id="15" value="0309"/>
      <field id="18" value="4111"/>
      <field id="19" value="840"/>
      <field id="22" value="012"/>
      <field id="25" value="00"/>
      <field id="26" value="00"/>
      <field id="32" value="12345678901"/>
      <field id="35" value="12345678901"/>
      <field id="37" value="123456789012"/>
      <field id="39" value="00"/>
      <field id="41" value="12345678"/>
      <field id="42" value="123456789012345"/>
      <field id="43" value="123456789012345"/>
      <field id="49" value="840"/>
      <field id="50" value="840"/>
      <field id="60" value="84"/>
      <field id="61" value="84"/>
      <field id="103" value="84"/>
      <field id="120" value="84"/>
      <field id="121" value="84"/>
      <field id="122" value="84"/>
      <field id="123" value="84"/>
      <field id="125" value="84"/>
      <field id="126" value="84"/>
      <field id="127" value="84"/>
    </isomsg>
  </send>
</log>
<log realm="stdout" at="2023-03-09T02:29:23.082885" lifespan="500ms">
    SendLength: 55
    SendLength: 58
    SendLength: 259
    SendLength: 262
</log>
<log realm="Q2.system" at="2023-03-09T02:29:43.243468">
  <info>
    shutting down (hook)
  </info>
</log>
<log realm="Q2.system" at="2023-03-09T02:29:45.096208">
  <trace>
    undeploying:/home/ali/MyFolder/Source/jPOS-template/src/dist/deploy/99_sysmon.xml
  </trace>
</log>
<log realm="org.jpos.q2.qbean.SystemMonitor" at="2023-03-09T02:29:45.097308">
  <info>
    Stopping SystemMonitor
  </info>
</log>
<log realm="Q2.system" at="2023-03-09T02:29:45.098692">
  <info>
    undeployed:/home/ali/MyFolder/Source/jPOS-template/src/dist/deploy/99_sysmon.xml
  </info>
</log>
<log realm="Q2.system" at="2023-03-09T02:29:45.099025">
  <trace>
    undeploying:/home/ali/MyFolder/Source/jPOS-template/src/dist/deploy/50_xml_server.xml
  </trace>
</log>
<log realm="Q2.system" at="2023-03-09T02:29:45.100620">
  <info>
    undeployed:/home/ali/MyFolder/Source/jPOS-template/src/dist/deploy/50_xml_server.xml
  </info>
</log>
<log realm="org.jpos.q2.iso.ChannelAdaptor" at="2023-03-09T02:29:45.101240">
  <warn>
    channel-receiver-jpos-receive
    Read timeout / EOF - reconnecting
  </warn>
</log>
<log realm="xml-server-8000/127.0.0.1:38748" at="2023-03-09T02:29:45.101537" lifespan="22512ms">
  <receive/>
</log>
<log realm="Q2.system" at="2023-03-09T02:29:45.101703">
  <trace>
    undeploying:/home/ali/MyFolder/Source/jPOS-template/src/dist/deploy/20_mux_jpos.xml
  </trace>
</log>
<log realm="xml-server-8000.server.session/127.0.0.1:38748" at="2023-03-09T02:29:45.102044">
  <session-end/>
</log>
<log realm="Q2.system" at="2023-03-09T02:29:45.102627">
  <info>
    undeployed:/home/ali/MyFolder/Source/jPOS-template/src/dist/deploy/20_mux_jpos.xml
  </info>
</log>
<log realm="Q2.system" at="2023-03-09T02:29:45.102954">
  <trace>
    undeploying:/home/ali/MyFolder/Source/jPOS-template/src/dist/deploy/10_channel_jpos.xml
  </trace>
</log>
<log realm="Q2.system" at="2023-03-09T02:29:45.103341">
  <info>
    undeployed:/home/ali/MyFolder/Source/jPOS-template/src/dist/deploy/10_channel_jpos.xml
  </info>
</log>
<log realm="Q2.system" at="2023-03-09T02:29:45.103685">
  <trace>
    undeploying:/home/ali/MyFolder/Source/jPOS-template/src/dist/deploy/00_logger.xml
  </trace>
</log>
</logger>
<?xml version="1.0" encoding="UTF-8"?>
<logger class="org.jpos.util.DailyLogListener">
<log realm="Q2.system" at="2023-03-09T23:35:33.745685">
  <info>
    Q2 started, deployDir=/home/ali/MyFolder/Source/jPOS-template/deploy, environment=default
  </info>
</log>
<log realm="Q2.system" at="2023-03-09T23:35:34.037060" lifespan="285ms">
  <version>
    jPOS 2.1.8-SNAPSHOT master/47232f0 (2023-02-21 16:12:24 UTC)
jPOS-template 2.1.8-SNAPSHOT master/6f2fa50 (2023-03-07 19:02:18 GST)

-----BEGIN PGP SIGNED MESSAGE-----
Hash: SHA1

jPOS Community Edition, licensed under GNU AGPL v3.0.
This software is probably not suitable for commercial use.
Please see http://jpos.org/license for details.

-----BEGIN PGP SIGNATURE-----
Version: GnuPG v1.4.9 (Darwin)

iQEcBAEBAgAGBQJMolHDAAoJEOQyeO71nYtFv74H/3OgehDGEy1VXp2U3/GcAobg
HH2eZjPUz53r38ARPiU3pzm9LwDa3WZgJJaa/b9VrJwKvbPwe9+0kY3gScDE1skT
ladHt+KHHmGQArEutkzHlpZa73RbroFEIa1qmN6MaDEHGoxZqDh0Sv2cpvOaVYGO
St8ZaddLBPC17bSjAPWo9sWbvL7FgPFOHhnPmbeux8SLtnfWxXWsgo5hLBanKmO1
1z+I/w/6DL6ZYZU6bAJUk+eyVVImJqw0x3IEElI07Nh9MC6BA4iJ77ejobj8HI2r
q9ulRPEqH9NR79619lNKVUkE206dVlXo7xHmJS1QZy5v/GT66xBxyDVfTduPFXk=
=oP+v
-----END PGP SIGNATURE-----

  </version>
</log>
<log realm="Q2.system" at="2023-03-09T23:35:34.045381" lifespan="4ms">
  <info>
    deploy: /home/ali/MyFolder/Source/jPOS-template/src/dist/deploy/10_channel_jpos.xml
  </info>
</log>
<log realm="Q2.system" at="2023-03-09T23:35:34.054204" lifespan="8ms">
  <info>
    deploy: /home/ali/MyFolder/Source/jPOS-template/src/dist/deploy/20_mux_jpos.xml
  </info>
</log>
<log realm="Q2.system" at="2023-03-09T23:35:34.060394" lifespan="5ms">
  <info>
    deploy: /home/ali/MyFolder/Source/jPOS-template/src/dist/deploy/50_xml_server.xml
  </info>
</log>
<log realm="Q2.system" at="2023-03-09T23:35:34.072949" lifespan="12ms">
  <info>
    deploy: /home/ali/MyFolder/Source/jPOS-template/src/dist/deploy/99_sysmon.xml
  </info>
</log>
<log realm="org.jpos.q2.qbean.SystemMonitor" at="2023-03-09T23:35:34.122392">
  <info>
    Starting SystemMonitor
  </info>
</log>
<log realm="xml-server-8000.server" at="2023-03-09T23:35:34.123004">
  <iso-server>
    listening on port 8000
  </iso-server>
</log>
<log realm="org.jpos.q2.qbean.SystemMonitor" at="2023-03-09T23:35:34.191546">
  <info>
           OS: Linux (5.19.0-35-generic)
         Java: 11.0.13 (Oracle Corporation) AES-secure
  environment: default
 process name: 19808@ali-linux2
    user name: ali
         host: ali-linux2/127.0.1.1
          cwd: /home/ali/MyFolder/Source/jPOS-template
   free space: 168.9 GiB
 usable space: 157.2 GiB
      version: 2.1.8-SNAPSHOT (47232f0)
     instance: 8afa1638-0862-41e6-b6a3-9abffff0873b
       uptime: 00:00:00.554 (1.362305)
   processors: 16
       drift : 0
memory(t/u/f): 500/49/450
     encoding: UTF-8
     timezone: Asia/Dubai (Gulf Time) +04:00
watch service: sun.nio.fs.LinuxWatchService
  metrics dir: log
        clock: 1678390534 2023-03-09T19:35:34.134318Z
 thread count: 15
 peak threads: 15
 user threads: 11
        Thread[Reference Handler,10,system]
        Thread[Finalizer,8,system]
        Thread[Signal Dispatcher,9,system]
        Thread[main,5,main]
        Thread[pool-1-thread-1,5,main]
        Thread[Q2-8afa1638-0862-41e6-b6a3-9abffff0873b,5,main]
        Thread[FileSystemWatchService,5,main]
        Thread[Timer-0,5,main]
        Thread[channel-sender-jpos-send,5,main]
        Thread[channel-receiver-jpos-receive,5,main]
        Thread[pool-3-thread-1,5,main]
        Thread[Thread-4,5,main]
        Thread[SystemMonitor,5,main]
        Thread[xml-server-8000-ThreadPool.PooledThread-0,5,xml-server-8000-ThreadPool-0]
        Thread[Common-Cleaner,8,InnocuousThreadGroup]
name-registrar:
  tspace:default: org.jpos.space.TSpace
     key-count: 0
        gcinfo: 0,0
  Q2: org.jpos.q2.Q2
  jpos-channel: org.jpos.q2.iso.ChannelAdaptor
    tx=0, rx=0, connects=0, last=0
  channel.jpos-channel: com.field39.CustomChannel
  logger.Q2: org.jpos.util.Logger
  server.xml-server-8000: org.jpos.iso.ISOServer
    connected=0, rx=0, tx=0, last=0
  mux.mymux: org.jpos.q2.iso.QMUX
    tx=0, rx=0, tx_expired=0, tx_pending=0, rx_expired=0, rx_pending=0, rx_unhandled=0, rx_forwarded=0, connected=false, last=0
  logger.: org.jpos.util.Logger
  logger.Q2.buffered: org.jpos.util.BufferedLogListener
  xml-server-8000: org.jpos.q2.iso.QServer
  </info>
</log>
<log realm="stderr" at="2023-03-09T23:35:34.621975" lifespan="500ms">
    SLF4J: Failed to load class "org.slf4j.impl.StaticLoggerBinder".
    SLF4J: Defaulting to no-operation (NOP) logger implementation
    SLF4J: See http://www.slf4j.org/codes.html#StaticLoggerBinder for further details.
</log>
<log realm="xml-server-8000.server.session/127.0.0.1:39342" at="2023-03-09T23:35:44.117850">
  <session-start/>
</log>
<log realm="xml-server-8000/127.0.0.1:39342" at="2023-03-09T23:35:44.119660" lifespan="1ms">
  <receive>
    <isomsg direction="incoming">
      <!-- org.jpos.iso.packager.GenericPackager[cfg/field39packager.xml] -->
      <field id="0" value="0800"/>
      <field id="7" value="0309233536"/>
      <field id="11" value="000001"/>
      <field id="70" value="001"/>
    </isomsg>
  </receive>
</log>
<log realm="xml-server-8000/127.0.0.1:39342" at="2023-03-09T23:35:44.121058">
  <send>
    <isomsg direction="outgoing">
      <!-- org.jpos.iso.packager.GenericPackager[cfg/field39packager.xml] -->
      <field id="0" value="0810"/>
      <field id="7" value="0309233536"/>
      <field id="11" value="000001"/>
      <field id="39" value="00"/>
      <field id="70" value="001"/>
    </isomsg>
  </send>
</log>
<log realm="xml-server-8000/127.0.0.1:39342" at="2023-03-09T23:35:44.123536" lifespan="2ms">
  <receive>
    <isomsg direction="incoming">
      <!-- org.jpos.iso.packager.GenericPackager[cfg/field39packager.xml] -->
      <field id="0" value="0100"/>
      <field id="2" value="1234567890123456"/>
      <field id="3" value="000000"/>
      <field id="4" value="        1.00"/>
      <field id="7" value="0309233544"/>
      <field id="9" value="001.0000"/>
      <field id="11" value="000002"/>
      <field id="12" value="233544"/>
      <field id="13" value="0309"/>
      <field id="14" value="2303"/>
      <field id="15" value="0309"/>
      <field id="18" value="4111"/>
      <field id="19" value="840"/>
      <field id="22" value="012"/>
      <field id="25" value="00"/>
      <field id="26" value="00"/>
      <field id="32" value="12345678901"/>
      <field id="35" value="12345678901"/>
      <field id="37" value="123456789012"/>
      <field id="41" value="12345678"/>
      <field id="42" value="123456789012345"/>
      <field id="43" value="123456789012345"/>
      <field id="49" value="840"/>
      <field id="50" value="840"/>
      <field id="60" value="84"/>
      <field id="61" value="84"/>
      <field id="103" value="84"/>
      <field id="120" value="84"/>
      <field id="121" value="84"/>
      <field id="122" value="84"/>
      <field id="123" value="84"/>
      <field id="125" value="84"/>
      <field id="126" value="84"/>
      <field id="127" value="84"/>
    </isomsg>
  </receive>
</log>
<log realm="xml-server-8000/127.0.0.1:39342" at="2023-03-09T23:35:44.124906">
  <send>
    <isomsg direction="outgoing">
      <!-- org.jpos.iso.packager.GenericPackager[cfg/field39packager.xml] -->
      <field id="0" value="0810"/>
      <field id="2" value="1234567890123456"/>
      <field id="3" value="000000"/>
      <field id="4" value="        1.00"/>
      <field id="7" value="0309233544"/>
      <field id="9" value="001.0000"/>
      <field id="11" value="000002"/>
      <field id="12" value="233544"/>
      <field id="13" value="0309"/>
      <field id="14" value="2303"/>
      <field id="15" value="0309"/>
      <field id="18" value="4111"/>
      <field id="19" value="840"/>
      <field id="22" value="012"/>
      <field id="25" value="00"/>
      <field id="26" value="00"/>
      <field id="32" value="12345678901"/>
      <field id="35" value="12345678901"/>
      <field id="37" value="123456789012"/>
      <field id="39" value="00"/>
      <field id="41" value="12345678"/>
      <field id="42" value="123456789012345"/>
      <field id="43" value="123456789012345"/>
      <field id="49" value="840"/>
      <field id="50" value="840"/>
      <field id="60" value="84"/>
      <field id="61" value="84"/>
      <field id="103" value="84"/>
      <field id="120" value="84"/>
      <field id="121" value="84"/>
      <field id="122" value="84"/>
      <field id="123" value="84"/>
      <field id="125" value="84"/>
      <field id="126" value="84"/>
      <field id="127" value="84"/>
    </isomsg>
  </send>
</log>
<log realm="stdout" at="2023-03-09T23:35:44.619118" lifespan="500ms">
    SendLength: 55
    SendLength: 58
    SendLength: 259
    SendLength: 262
</log>
<log realm="Q2.system" at="2023-03-09T23:35:50.656005">
  <info>
    shutting down (hook)
  </info>
</log>
<log realm="Q2.system" at="2023-03-09T23:35:51.627879">
  <trace>
    undeploying:/home/ali/MyFolder/Source/jPOS-template/src/dist/deploy/99_sysmon.xml
  </trace>
</log>
<log realm="org.jpos.q2.qbean.SystemMonitor" at="2023-03-09T23:35:51.628560">
  <info>
    Stopping SystemMonitor
  </info>
</log>
<log realm="Q2.system" at="2023-03-09T23:35:51.629306">
  <info>
    undeployed:/home/ali/MyFolder/Source/jPOS-template/src/dist/deploy/99_sysmon.xml
  </info>
</log>
<log realm="Q2.system" at="2023-03-09T23:35:51.629579">
  <trace>
    undeploying:/home/ali/MyFolder/Source/jPOS-template/src/dist/deploy/50_xml_server.xml
  </trace>
</log>
<log realm="Q2.system" at="2023-03-09T23:35:51.630609">
  <info>
    undeployed:/home/ali/MyFolder/Source/jPOS-template/src/dist/deploy/50_xml_server.xml
  </info>
</log>
<log realm="org.jpos.q2.iso.ChannelAdaptor" at="2023-03-09T23:35:51.631499">
  <warn>
    channel-receiver-jpos-receive
    Read timeout / EOF - reconnecting
  </warn>
</log>
<log realm="xml-server-8000/127.0.0.1:39342" at="2023-03-09T23:35:51.631815" lifespan="7506ms">
  <receive/>
</log>
<log realm="Q2.system" at="2023-03-09T23:35:51.632077">
  <trace>
    undeploying:/home/ali/MyFolder/Source/jPOS-template/src/dist/deploy/20_mux_jpos.xml
  </trace>
</log>
<log realm="xml-server-8000.server.session/127.0.0.1:39342" at="2023-03-09T23:35:51.632360">
  <session-end/>
</log>
<log realm="Q2.system" at="2023-03-09T23:35:51.632710">
  <info>
    undeployed:/home/ali/MyFolder/Source/jPOS-template/src/dist/deploy/20_mux_jpos.xml
  </info>
</log>
<log realm="Q2.system" at="2023-03-09T23:35:51.632999">
  <trace>
    undeploying:/home/ali/MyFolder/Source/jPOS-template/src/dist/deploy/10_channel_jpos.xml
  </trace>
</log>
<log realm="Q2.system" at="2023-03-09T23:35:51.633318">
  <info>
    undeployed:/home/ali/MyFolder/Source/jPOS-template/src/dist/deploy/10_channel_jpos.xml
  </info>
</log>
<log realm="Q2.system" at="2023-03-09T23:35:51.633580">
  <trace>
    undeploying:/home/ali/MyFolder/Source/jPOS-template/src/dist/deploy/00_logger.xml
  </trace>
</log>
</logger>
